2021-08-12 19:06:36,460 - mmdet - INFO - Environment info:
------------------------------------------------------------
sys.platform: linux
Python: 3.8.11 (default, Aug  3 2021, 15:09:35) [GCC 7.5.0]
CUDA available: True
GPU 0,1,2: TITAN Xp
GPU 3: GeForce GTX TITAN X
CUDA_HOME: /usr/local/cuda
NVCC: Build cuda_11.1.TC455_06.29069683_0
GCC: gcc (GCC) 4.8.5 20150623 (Red Hat 4.8.5-28)
PyTorch: 1.8.0+cu111
PyTorch compiling details: PyTorch built with:
  - GCC 7.3
  - C++ Version: 201402
  - Intel(R) Math Kernel Library Version 2020.0.0 Product Build 20191122 for Intel(R) 64 architecture applications
  - Intel(R) MKL-DNN v1.7.0 (Git Hash 7aed236906b1f7a05c0917e5257a1af05e9ff683)
  - OpenMP 201511 (a.k.a. OpenMP 4.5)
  - NNPACK is enabled
  - CPU capability usage: AVX2
  - CUDA Runtime 11.1
  - NVCC architecture flags: -gencode;arch=compute_37,code=sm_37;-gencode;arch=compute_50,code=sm_50;-gencode;arch=compute_60,code=sm_60;-gencode;arch=compute_70,code=sm_70;-gencode;arch=compute_75,code=sm_75;-gencode;arch=compute_80,code=sm_80;-gencode;arch=compute_86,code=sm_86
  - CuDNN 8.0.5
  - Magma 2.5.2
  - Build settings: BLAS_INFO=mkl, BUILD_TYPE=Release, CUDA_VERSION=11.1, CUDNN_VERSION=8.0.5, CXX_COMPILER=/opt/rh/devtoolset-7/root/usr/bin/c++, CXX_FLAGS= -Wno-deprecated -fvisibility-inlines-hidden -DUSE_PTHREADPOOL -fopenmp -DNDEBUG -DUSE_KINETO -DUSE_FBGEMM -DUSE_QNNPACK -DUSE_PYTORCH_QNNPACK -DUSE_XNNPACK -O2 -fPIC -Wno-narrowing -Wall -Wextra -Werror=return-type -Wno-missing-field-initializers -Wno-type-limits -Wno-array-bounds -Wno-unknown-pragmas -Wno-sign-compare -Wno-unused-parameter -Wno-unused-variable -Wno-unused-function -Wno-unused-result -Wno-unused-local-typedefs -Wno-strict-overflow -Wno-strict-aliasing -Wno-error=deprecated-declarations -Wno-stringop-overflow -Wno-psabi -Wno-error=pedantic -Wno-error=redundant-decls -Wno-error=old-style-cast -fdiagnostics-color=always -faligned-new -Wno-unused-but-set-variable -Wno-maybe-uninitialized -fno-math-errno -fno-trapping-math -Werror=format -Wno-stringop-overflow, LAPACK_INFO=mkl, PERF_WITH_AVX=1, PERF_WITH_AVX2=1, PERF_WITH_AVX512=1, TORCH_VERSION=1.8.0, USE_CUDA=ON, USE_CUDNN=ON, USE_EXCEPTION_PTR=1, USE_GFLAGS=OFF, USE_GLOG=OFF, USE_MKL=ON, USE_MKLDNN=ON, USE_MPI=OFF, USE_NCCL=ON, USE_NNPACK=ON, USE_OPENMP=ON, 

TorchVision: 0.9.0+cu111
OpenCV: 4.5.3
MMCV: 1.3.10
MMCV Compiler: GCC 7.3
MMCV CUDA Compiler: 11.1
MMDetection: 2.15.0+87eda06
------------------------------------------------------------

2021-08-12 19:06:38,344 - mmdet - INFO - Distributed training: False
2021-08-12 19:06:39,987 - mmdet - INFO - Config:
model = dict(
    type='FasterRCNN',
    backbone=dict(
        type='ResNet',
        depth=50,
        num_stages=4,
        out_indices=(0, 1, 2, 3),
        frozen_stages=1,
        norm_cfg=dict(type='BN', requires_grad=True),
        norm_eval=True,
        style='pytorch',
        init_cfg=dict(
            type='Pretrained',
            checkpoint=
            '/home/users/chuanguang.yang/.cache/torch/hub/checkpoints/resnet50-19c8e357.pth'
        )),
    neck=dict(
        type='FPN',
        in_channels=[256, 512, 1024, 2048],
        out_channels=256,
        num_outs=5),
    rpn_head=dict(
        type='RPNHead',
        in_channels=256,
        feat_channels=256,
        anchor_generator=dict(
            type='AnchorGenerator',
            scales=[8],
            ratios=[0.5, 1.0, 2.0],
            strides=[4, 8, 16, 32, 64]),
        bbox_coder=dict(
            type='DeltaXYWHBBoxCoder',
            target_means=[0.0, 0.0, 0.0, 0.0],
            target_stds=[1.0, 1.0, 1.0, 1.0]),
        loss_cls=dict(
            type='CrossEntropyLoss', use_sigmoid=True, loss_weight=1.0),
        loss_bbox=dict(type='L1Loss', loss_weight=1.0)),
    roi_head=dict(
        type='StandardRoIHead',
        bbox_roi_extractor=dict(
            type='SingleRoIExtractor',
            roi_layer=dict(type='RoIAlign', output_size=7, sampling_ratio=0),
            out_channels=256,
            featmap_strides=[4, 8, 16, 32]),
        bbox_head=dict(
            type='Shared2FCBBoxHead',
            in_channels=256,
            fc_out_channels=1024,
            roi_feat_size=7,
            num_classes=80,
            bbox_coder=dict(
                type='DeltaXYWHBBoxCoder',
                target_means=[0.0, 0.0, 0.0, 0.0],
                target_stds=[0.1, 0.1, 0.2, 0.2]),
            reg_class_agnostic=False,
            loss_cls=dict(
                type='CrossEntropyLoss', use_sigmoid=False, loss_weight=1.0),
            loss_bbox=dict(type='L1Loss', loss_weight=1.0))),
    train_cfg=dict(
        rpn=dict(
            assigner=dict(
                type='MaxIoUAssigner',
                pos_iou_thr=0.7,
                neg_iou_thr=0.3,
                min_pos_iou=0.3,
                match_low_quality=True,
                ignore_iof_thr=-1),
            sampler=dict(
                type='RandomSampler',
                num=256,
                pos_fraction=0.5,
                neg_pos_ub=-1,
                add_gt_as_proposals=False),
            allowed_border=-1,
            pos_weight=-1,
            debug=False),
        rpn_proposal=dict(
            nms_pre=2000,
            max_per_img=1000,
            nms=dict(type='nms', iou_threshold=0.7),
            min_bbox_size=0),
        rcnn=dict(
            assigner=dict(
                type='MaxIoUAssigner',
                pos_iou_thr=0.5,
                neg_iou_thr=0.5,
                min_pos_iou=0.5,
                match_low_quality=False,
                ignore_iof_thr=-1),
            sampler=dict(
                type='RandomSampler',
                num=512,
                pos_fraction=0.25,
                neg_pos_ub=-1,
                add_gt_as_proposals=True),
            pos_weight=-1,
            debug=False)),
    test_cfg=dict(
        rpn=dict(
            nms_pre=1000,
            max_per_img=1000,
            nms=dict(type='nms', iou_threshold=0.7),
            min_bbox_size=0),
        rcnn=dict(
            score_thr=0.05,
            nms=dict(type='nms', iou_threshold=0.5),
            max_per_img=100)))
dataset_type = 'CocoDataset'
data_root = '/home/users/chuanguang.yang/winycg/dataset/coco/origin/'
img_norm_cfg = dict(
    mean=[123.675, 116.28, 103.53], std=[58.395, 57.12, 57.375], to_rgb=True)
train_pipeline = [
    dict(type='LoadImageFromFile'),
    dict(type='LoadAnnotations', with_bbox=True),
    dict(type='Resize', img_scale=(1333, 800), keep_ratio=True),
    dict(type='RandomFlip', flip_ratio=0.5),
    dict(
        type='Normalize',
        mean=[123.675, 116.28, 103.53],
        std=[58.395, 57.12, 57.375],
        to_rgb=True),
    dict(type='Pad', size_divisor=32),
    dict(type='DefaultFormatBundle'),
    dict(type='Collect', keys=['img', 'gt_bboxes', 'gt_labels'])
]
test_pipeline = [
    dict(type='LoadImageFromFile'),
    dict(
        type='MultiScaleFlipAug',
        img_scale=(1333, 800),
        flip=False,
        transforms=[
            dict(type='Resize', keep_ratio=True),
            dict(type='RandomFlip'),
            dict(
                type='Normalize',
                mean=[123.675, 116.28, 103.53],
                std=[58.395, 57.12, 57.375],
                to_rgb=True),
            dict(type='Pad', size_divisor=32),
            dict(type='ImageToTensor', keys=['img']),
            dict(type='Collect', keys=['img'])
        ])
]
data = dict(
    samples_per_gpu=2,
    workers_per_gpu=2,
    train=dict(
        type='CocoDataset',
        ann_file=
        '/home/users/chuanguang.yang/winycg/dataset/coco/origin/annotations/instances_train2017.json',
        img_prefix=
        '/home/users/chuanguang.yang/winycg/dataset/coco/origin/train2017/',
        pipeline=[
            dict(type='LoadImageFromFile'),
            dict(type='LoadAnnotations', with_bbox=True),
            dict(type='Resize', img_scale=(1333, 800), keep_ratio=True),
            dict(type='RandomFlip', flip_ratio=0.5),
            dict(
                type='Normalize',
                mean=[123.675, 116.28, 103.53],
                std=[58.395, 57.12, 57.375],
                to_rgb=True),
            dict(type='Pad', size_divisor=32),
            dict(type='DefaultFormatBundle'),
            dict(type='Collect', keys=['img', 'gt_bboxes', 'gt_labels'])
        ]),
    val=dict(
        type='CocoDataset',
        ann_file=
        '/home/users/chuanguang.yang/winycg/dataset/coco/origin/annotations/instances_val2017.json',
        img_prefix=
        '/home/users/chuanguang.yang/winycg/dataset/coco/origin/val2017/',
        pipeline=[
            dict(type='LoadImageFromFile'),
            dict(
                type='MultiScaleFlipAug',
                img_scale=(1333, 800),
                flip=False,
                transforms=[
                    dict(type='Resize', keep_ratio=True),
                    dict(type='RandomFlip'),
                    dict(
                        type='Normalize',
                        mean=[123.675, 116.28, 103.53],
                        std=[58.395, 57.12, 57.375],
                        to_rgb=True),
                    dict(type='Pad', size_divisor=32),
                    dict(type='ImageToTensor', keys=['img']),
                    dict(type='Collect', keys=['img'])
                ])
        ]),
    test=dict(
        type='CocoDataset',
        ann_file=
        '/home/users/chuanguang.yang/winycg/dataset/coco/origin/annotations/instances_val2017.json',
        img_prefix=
        '/home/users/chuanguang.yang/winycg/dataset/coco/origin/val2017/',
        pipeline=[
            dict(type='LoadImageFromFile'),
            dict(
                type='MultiScaleFlipAug',
                img_scale=(1333, 800),
                flip=False,
                transforms=[
                    dict(type='Resize', keep_ratio=True),
                    dict(type='RandomFlip'),
                    dict(
                        type='Normalize',
                        mean=[123.675, 116.28, 103.53],
                        std=[58.395, 57.12, 57.375],
                        to_rgb=True),
                    dict(type='Pad', size_divisor=32),
                    dict(type='ImageToTensor', keys=['img']),
                    dict(type='Collect', keys=['img'])
                ])
        ]))
evaluation = dict(interval=1, metric='bbox')
optimizer = dict(type='SGD', lr=0.02, momentum=0.9, weight_decay=0.0001)
optimizer_config = dict(grad_clip=None)
lr_config = dict(
    policy='step',
    warmup='linear',
    warmup_iters=500,
    warmup_ratio=0.001,
    step=[8, 11])
runner = dict(type='EpochBasedRunner', max_epochs=12)
checkpoint_config = dict(interval=1)
log_config = dict(interval=50, hooks=[dict(type='TextLoggerHook')])
custom_hooks = [dict(type='NumClassCheckHook')]
dist_params = dict(backend='nccl')
log_level = 'INFO'
load_from = None
resume_from = None
workflow = [('train', 1)]
work_dir = './work_dirs/faster_rcnn_r50_fpn_1x_coco'
gpu_ids = [2]

2021-08-12 19:06:40,682 - mmdet - INFO - initialize ResNet with init_cfg {'type': 'Pretrained', 'checkpoint': '/home/users/chuanguang.yang/.cache/torch/hub/checkpoints/resnet50-19c8e357.pth'}
2021-08-12 19:06:41,390 - mmdet - INFO - initialize FPN with init_cfg {'type': 'Xavier', 'layer': 'Conv2d', 'distribution': 'uniform'}
2021-08-12 19:06:41,473 - mmdet - INFO - initialize RPNHead with init_cfg {'type': 'Normal', 'layer': 'Conv2d', 'std': 0.01}
2021-08-12 19:06:41,485 - mmdet - INFO - initialize Shared2FCBBoxHead with init_cfg [{'type': 'Normal', 'std': 0.01, 'override': {'name': 'fc_cls'}}, {'type': 'Normal', 'std': 0.001, 'override': {'name': 'fc_reg'}}, {'type': 'Xavier', 'layer': 'Linear', 'override': [{'name': 'shared_fcs'}, {'name': 'cls_fcs'}, {'name': 'reg_fcs'}]}]
Name of parameter - Initialization information
backbone.conv1.weight - PretrainedInit: load from /home/users/chuanguang.yang/.cache/torch/hub/checkpoints/resnet50-19c8e357.pth 
backbone.bn1.weight - PretrainedInit: load from /home/users/chuanguang.yang/.cache/torch/hub/checkpoints/resnet50-19c8e357.pth 
backbone.bn1.bias - PretrainedInit: load from /home/users/chuanguang.yang/.cache/torch/hub/checkpoints/resnet50-19c8e357.pth 
backbone.layer1.0.conv1.weight - PretrainedInit: load from /home/users/chuanguang.yang/.cache/torch/hub/checkpoints/resnet50-19c8e357.pth 
backbone.layer1.0.bn1.weight - PretrainedInit: load from /home/users/chuanguang.yang/.cache/torch/hub/checkpoints/resnet50-19c8e357.pth 
backbone.layer1.0.bn1.bias - PretrainedInit: load from /home/users/chuanguang.yang/.cache/torch/hub/checkpoints/resnet50-19c8e357.pth 
backbone.layer1.0.conv2.weight - PretrainedInit: load from /home/users/chuanguang.yang/.cache/torch/hub/checkpoints/resnet50-19c8e357.pth 
backbone.layer1.0.bn2.weight - PretrainedInit: load from /home/users/chuanguang.yang/.cache/torch/hub/checkpoints/resnet50-19c8e357.pth 
backbone.layer1.0.bn2.bias - PretrainedInit: load from /home/users/chuanguang.yang/.cache/torch/hub/checkpoints/resnet50-19c8e357.pth 
backbone.layer1.0.conv3.weight - PretrainedInit: load from /home/users/chuanguang.yang/.cache/torch/hub/checkpoints/resnet50-19c8e357.pth 
backbone.layer1.0.bn3.weight - PretrainedInit: load from /home/users/chuanguang.yang/.cache/torch/hub/checkpoints/resnet50-19c8e357.pth 
backbone.layer1.0.bn3.bias - PretrainedInit: load from /home/users/chuanguang.yang/.cache/torch/hub/checkpoints/resnet50-19c8e357.pth 
backbone.layer1.0.downsample.0.weight - PretrainedInit: load from /home/users/chuanguang.yang/.cache/torch/hub/checkpoints/resnet50-19c8e357.pth 
backbone.layer1.0.downsample.1.weight - PretrainedInit: load from /home/users/chuanguang.yang/.cache/torch/hub/checkpoints/resnet50-19c8e357.pth 
backbone.layer1.0.downsample.1.bias - PretrainedInit: load from /home/users/chuanguang.yang/.cache/torch/hub/checkpoints/resnet50-19c8e357.pth 
backbone.layer1.1.conv1.weight - PretrainedInit: load from /home/users/chuanguang.yang/.cache/torch/hub/checkpoints/resnet50-19c8e357.pth 
backbone.layer1.1.bn1.weight - PretrainedInit: load from /home/users/chuanguang.yang/.cache/torch/hub/checkpoints/resnet50-19c8e357.pth 
backbone.layer1.1.bn1.bias - PretrainedInit: load from /home/users/chuanguang.yang/.cache/torch/hub/checkpoints/resnet50-19c8e357.pth 
backbone.layer1.1.conv2.weight - PretrainedInit: load from /home/users/chuanguang.yang/.cache/torch/hub/checkpoints/resnet50-19c8e357.pth 
backbone.layer1.1.bn2.weight - PretrainedInit: load from /home/users/chuanguang.yang/.cache/torch/hub/checkpoints/resnet50-19c8e357.pth 
backbone.layer1.1.bn2.bias - PretrainedInit: load from /home/users/chuanguang.yang/.cache/torch/hub/checkpoints/resnet50-19c8e357.pth 
backbone.layer1.1.conv3.weight - PretrainedInit: load from /home/users/chuanguang.yang/.cache/torch/hub/checkpoints/resnet50-19c8e357.pth 
backbone.layer1.1.bn3.weight - PretrainedInit: load from /home/users/chuanguang.yang/.cache/torch/hub/checkpoints/resnet50-19c8e357.pth 
backbone.layer1.1.bn3.bias - PretrainedInit: load from /home/users/chuanguang.yang/.cache/torch/hub/checkpoints/resnet50-19c8e357.pth 
backbone.layer1.2.conv1.weight - PretrainedInit: load from /home/users/chuanguang.yang/.cache/torch/hub/checkpoints/resnet50-19c8e357.pth 
backbone.layer1.2.bn1.weight - PretrainedInit: load from /home/users/chuanguang.yang/.cache/torch/hub/checkpoints/resnet50-19c8e357.pth 
backbone.layer1.2.bn1.bias - PretrainedInit: load from /home/users/chuanguang.yang/.cache/torch/hub/checkpoints/resnet50-19c8e357.pth 
backbone.layer1.2.conv2.weight - PretrainedInit: load from /home/users/chuanguang.yang/.cache/torch/hub/checkpoints/resnet50-19c8e357.pth 
backbone.layer1.2.bn2.weight - PretrainedInit: load from /home/users/chuanguang.yang/.cache/torch/hub/checkpoints/resnet50-19c8e357.pth 
backbone.layer1.2.bn2.bias - PretrainedInit: load from /home/users/chuanguang.yang/.cache/torch/hub/checkpoints/resnet50-19c8e357.pth 
backbone.layer1.2.conv3.weight - PretrainedInit: load from /home/users/chuanguang.yang/.cache/torch/hub/checkpoints/resnet50-19c8e357.pth 
backbone.layer1.2.bn3.weight - PretrainedInit: load from /home/users/chuanguang.yang/.cache/torch/hub/checkpoints/resnet50-19c8e357.pth 
backbone.layer1.2.bn3.bias - PretrainedInit: load from /home/users/chuanguang.yang/.cache/torch/hub/checkpoints/resnet50-19c8e357.pth 
backbone.layer2.0.conv1.weight - PretrainedInit: load from /home/users/chuanguang.yang/.cache/torch/hub/checkpoints/resnet50-19c8e357.pth 
backbone.layer2.0.bn1.weight - PretrainedInit: load from /home/users/chuanguang.yang/.cache/torch/hub/checkpoints/resnet50-19c8e357.pth 
backbone.layer2.0.bn1.bias - PretrainedInit: load from /home/users/chuanguang.yang/.cache/torch/hub/checkpoints/resnet50-19c8e357.pth 
backbone.layer2.0.conv2.weight - PretrainedInit: load from /home/users/chuanguang.yang/.cache/torch/hub/checkpoints/resnet50-19c8e357.pth 
backbone.layer2.0.bn2.weight - PretrainedInit: load from /home/users/chuanguang.yang/.cache/torch/hub/checkpoints/resnet50-19c8e357.pth 
backbone.layer2.0.bn2.bias - PretrainedInit: load from /home/users/chuanguang.yang/.cache/torch/hub/checkpoints/resnet50-19c8e357.pth 
backbone.layer2.0.conv3.weight - PretrainedInit: load from /home/users/chuanguang.yang/.cache/torch/hub/checkpoints/resnet50-19c8e357.pth 
backbone.layer2.0.bn3.weight - PretrainedInit: load from /home/users/chuanguang.yang/.cache/torch/hub/checkpoints/resnet50-19c8e357.pth 
backbone.layer2.0.bn3.bias - PretrainedInit: load from /home/users/chuanguang.yang/.cache/torch/hub/checkpoints/resnet50-19c8e357.pth 
backbone.layer2.0.downsample.0.weight - PretrainedInit: load from /home/users/chuanguang.yang/.cache/torch/hub/checkpoints/resnet50-19c8e357.pth 
backbone.layer2.0.downsample.1.weight - PretrainedInit: load from /home/users/chuanguang.yang/.cache/torch/hub/checkpoints/resnet50-19c8e357.pth 
backbone.layer2.0.downsample.1.bias - PretrainedInit: load from /home/users/chuanguang.yang/.cache/torch/hub/checkpoints/resnet50-19c8e357.pth 
backbone.layer2.1.conv1.weight - PretrainedInit: load from /home/users/chuanguang.yang/.cache/torch/hub/checkpoints/resnet50-19c8e357.pth 
backbone.layer2.1.bn1.weight - PretrainedInit: load from /home/users/chuanguang.yang/.cache/torch/hub/checkpoints/resnet50-19c8e357.pth 
backbone.layer2.1.bn1.bias - PretrainedInit: load from /home/users/chuanguang.yang/.cache/torch/hub/checkpoints/resnet50-19c8e357.pth 
backbone.layer2.1.conv2.weight - PretrainedInit: load from /home/users/chuanguang.yang/.cache/torch/hub/checkpoints/resnet50-19c8e357.pth 
backbone.layer2.1.bn2.weight - PretrainedInit: load from /home/users/chuanguang.yang/.cache/torch/hub/checkpoints/resnet50-19c8e357.pth 
backbone.layer2.1.bn2.bias - PretrainedInit: load from /home/users/chuanguang.yang/.cache/torch/hub/checkpoints/resnet50-19c8e357.pth 
backbone.layer2.1.conv3.weight - PretrainedInit: load from /home/users/chuanguang.yang/.cache/torch/hub/checkpoints/resnet50-19c8e357.pth 
backbone.layer2.1.bn3.weight - PretrainedInit: load from /home/users/chuanguang.yang/.cache/torch/hub/checkpoints/resnet50-19c8e357.pth 
backbone.layer2.1.bn3.bias - PretrainedInit: load from /home/users/chuanguang.yang/.cache/torch/hub/checkpoints/resnet50-19c8e357.pth 
backbone.layer2.2.conv1.weight - PretrainedInit: load from /home/users/chuanguang.yang/.cache/torch/hub/checkpoints/resnet50-19c8e357.pth 
backbone.layer2.2.bn1.weight - PretrainedInit: load from /home/users/chuanguang.yang/.cache/torch/hub/checkpoints/resnet50-19c8e357.pth 
backbone.layer2.2.bn1.bias - PretrainedInit: load from /home/users/chuanguang.yang/.cache/torch/hub/checkpoints/resnet50-19c8e357.pth 
backbone.layer2.2.conv2.weight - PretrainedInit: load from /home/users/chuanguang.yang/.cache/torch/hub/checkpoints/resnet50-19c8e357.pth 
backbone.layer2.2.bn2.weight - PretrainedInit: load from /home/users/chuanguang.yang/.cache/torch/hub/checkpoints/resnet50-19c8e357.pth 
backbone.layer2.2.bn2.bias - PretrainedInit: load from /home/users/chuanguang.yang/.cache/torch/hub/checkpoints/resnet50-19c8e357.pth 
backbone.layer2.2.conv3.weight - PretrainedInit: load from /home/users/chuanguang.yang/.cache/torch/hub/checkpoints/resnet50-19c8e357.pth 
backbone.layer2.2.bn3.weight - PretrainedInit: load from /home/users/chuanguang.yang/.cache/torch/hub/checkpoints/resnet50-19c8e357.pth 
backbone.layer2.2.bn3.bias - PretrainedInit: load from /home/users/chuanguang.yang/.cache/torch/hub/checkpoints/resnet50-19c8e357.pth 
backbone.layer2.3.conv1.weight - PretrainedInit: load from /home/users/chuanguang.yang/.cache/torch/hub/checkpoints/resnet50-19c8e357.pth 
backbone.layer2.3.bn1.weight - PretrainedInit: load from /home/users/chuanguang.yang/.cache/torch/hub/checkpoints/resnet50-19c8e357.pth 
backbone.layer2.3.bn1.bias - PretrainedInit: load from /home/users/chuanguang.yang/.cache/torch/hub/checkpoints/resnet50-19c8e357.pth 
backbone.layer2.3.conv2.weight - PretrainedInit: load from /home/users/chuanguang.yang/.cache/torch/hub/checkpoints/resnet50-19c8e357.pth 
backbone.layer2.3.bn2.weight - PretrainedInit: load from /home/users/chuanguang.yang/.cache/torch/hub/checkpoints/resnet50-19c8e357.pth 
backbone.layer2.3.bn2.bias - PretrainedInit: load from /home/users/chuanguang.yang/.cache/torch/hub/checkpoints/resnet50-19c8e357.pth 
backbone.layer2.3.conv3.weight - PretrainedInit: load from /home/users/chuanguang.yang/.cache/torch/hub/checkpoints/resnet50-19c8e357.pth 
backbone.layer2.3.bn3.weight - PretrainedInit: load from /home/users/chuanguang.yang/.cache/torch/hub/checkpoints/resnet50-19c8e357.pth 
backbone.layer2.3.bn3.bias - PretrainedInit: load from /home/users/chuanguang.yang/.cache/torch/hub/checkpoints/resnet50-19c8e357.pth 
backbone.layer3.0.conv1.weight - PretrainedInit: load from /home/users/chuanguang.yang/.cache/torch/hub/checkpoints/resnet50-19c8e357.pth 
backbone.layer3.0.bn1.weight - PretrainedInit: load from /home/users/chuanguang.yang/.cache/torch/hub/checkpoints/resnet50-19c8e357.pth 
backbone.layer3.0.bn1.bias - PretrainedInit: load from /home/users/chuanguang.yang/.cache/torch/hub/checkpoints/resnet50-19c8e357.pth 
backbone.layer3.0.conv2.weight - PretrainedInit: load from /home/users/chuanguang.yang/.cache/torch/hub/checkpoints/resnet50-19c8e357.pth 
backbone.layer3.0.bn2.weight - PretrainedInit: load from /home/users/chuanguang.yang/.cache/torch/hub/checkpoints/resnet50-19c8e357.pth 
backbone.layer3.0.bn2.bias - PretrainedInit: load from /home/users/chuanguang.yang/.cache/torch/hub/checkpoints/resnet50-19c8e357.pth 
backbone.layer3.0.conv3.weight - PretrainedInit: load from /home/users/chuanguang.yang/.cache/torch/hub/checkpoints/resnet50-19c8e357.pth 
backbone.layer3.0.bn3.weight - PretrainedInit: load from /home/users/chuanguang.yang/.cache/torch/hub/checkpoints/resnet50-19c8e357.pth 
backbone.layer3.0.bn3.bias - PretrainedInit: load from /home/users/chuanguang.yang/.cache/torch/hub/checkpoints/resnet50-19c8e357.pth 
backbone.layer3.0.downsample.0.weight - PretrainedInit: load from /home/users/chuanguang.yang/.cache/torch/hub/checkpoints/resnet50-19c8e357.pth 
backbone.layer3.0.downsample.1.weight - PretrainedInit: load from /home/users/chuanguang.yang/.cache/torch/hub/checkpoints/resnet50-19c8e357.pth 
backbone.layer3.0.downsample.1.bias - PretrainedInit: load from /home/users/chuanguang.yang/.cache/torch/hub/checkpoints/resnet50-19c8e357.pth 
backbone.layer3.1.conv1.weight - PretrainedInit: load from /home/users/chuanguang.yang/.cache/torch/hub/checkpoints/resnet50-19c8e357.pth 
backbone.layer3.1.bn1.weight - PretrainedInit: load from /home/users/chuanguang.yang/.cache/torch/hub/checkpoints/resnet50-19c8e357.pth 
backbone.layer3.1.bn1.bias - PretrainedInit: load from /home/users/chuanguang.yang/.cache/torch/hub/checkpoints/resnet50-19c8e357.pth 
backbone.layer3.1.conv2.weight - PretrainedInit: load from /home/users/chuanguang.yang/.cache/torch/hub/checkpoints/resnet50-19c8e357.pth 
backbone.layer3.1.bn2.weight - PretrainedInit: load from /home/users/chuanguang.yang/.cache/torch/hub/checkpoints/resnet50-19c8e357.pth 
backbone.layer3.1.bn2.bias - PretrainedInit: load from /home/users/chuanguang.yang/.cache/torch/hub/checkpoints/resnet50-19c8e357.pth 
backbone.layer3.1.conv3.weight - PretrainedInit: load from /home/users/chuanguang.yang/.cache/torch/hub/checkpoints/resnet50-19c8e357.pth 
backbone.layer3.1.bn3.weight - PretrainedInit: load from /home/users/chuanguang.yang/.cache/torch/hub/checkpoints/resnet50-19c8e357.pth 
backbone.layer3.1.bn3.bias - PretrainedInit: load from /home/users/chuanguang.yang/.cache/torch/hub/checkpoints/resnet50-19c8e357.pth 
backbone.layer3.2.conv1.weight - PretrainedInit: load from /home/users/chuanguang.yang/.cache/torch/hub/checkpoints/resnet50-19c8e357.pth 
backbone.layer3.2.bn1.weight - PretrainedInit: load from /home/users/chuanguang.yang/.cache/torch/hub/checkpoints/resnet50-19c8e357.pth 
backbone.layer3.2.bn1.bias - PretrainedInit: load from /home/users/chuanguang.yang/.cache/torch/hub/checkpoints/resnet50-19c8e357.pth 
backbone.layer3.2.conv2.weight - PretrainedInit: load from /home/users/chuanguang.yang/.cache/torch/hub/checkpoints/resnet50-19c8e357.pth 
backbone.layer3.2.bn2.weight - PretrainedInit: load from /home/users/chuanguang.yang/.cache/torch/hub/checkpoints/resnet50-19c8e357.pth 
backbone.layer3.2.bn2.bias - PretrainedInit: load from /home/users/chuanguang.yang/.cache/torch/hub/checkpoints/resnet50-19c8e357.pth 
backbone.layer3.2.conv3.weight - PretrainedInit: load from /home/users/chuanguang.yang/.cache/torch/hub/checkpoints/resnet50-19c8e357.pth 
backbone.layer3.2.bn3.weight - PretrainedInit: load from /home/users/chuanguang.yang/.cache/torch/hub/checkpoints/resnet50-19c8e357.pth 
backbone.layer3.2.bn3.bias - PretrainedInit: load from /home/users/chuanguang.yang/.cache/torch/hub/checkpoints/resnet50-19c8e357.pth 
backbone.layer3.3.conv1.weight - PretrainedInit: load from /home/users/chuanguang.yang/.cache/torch/hub/checkpoints/resnet50-19c8e357.pth 
backbone.layer3.3.bn1.weight - PretrainedInit: load from /home/users/chuanguang.yang/.cache/torch/hub/checkpoints/resnet50-19c8e357.pth 
backbone.layer3.3.bn1.bias - PretrainedInit: load from /home/users/chuanguang.yang/.cache/torch/hub/checkpoints/resnet50-19c8e357.pth 
backbone.layer3.3.conv2.weight - PretrainedInit: load from /home/users/chuanguang.yang/.cache/torch/hub/checkpoints/resnet50-19c8e357.pth 
backbone.layer3.3.bn2.weight - PretrainedInit: load from /home/users/chuanguang.yang/.cache/torch/hub/checkpoints/resnet50-19c8e357.pth 
backbone.layer3.3.bn2.bias - PretrainedInit: load from /home/users/chuanguang.yang/.cache/torch/hub/checkpoints/resnet50-19c8e357.pth 
backbone.layer3.3.conv3.weight - PretrainedInit: load from /home/users/chuanguang.yang/.cache/torch/hub/checkpoints/resnet50-19c8e357.pth 
backbone.layer3.3.bn3.weight - PretrainedInit: load from /home/users/chuanguang.yang/.cache/torch/hub/checkpoints/resnet50-19c8e357.pth 
backbone.layer3.3.bn3.bias - PretrainedInit: load from /home/users/chuanguang.yang/.cache/torch/hub/checkpoints/resnet50-19c8e357.pth 
backbone.layer3.4.conv1.weight - PretrainedInit: load from /home/users/chuanguang.yang/.cache/torch/hub/checkpoints/resnet50-19c8e357.pth 
backbone.layer3.4.bn1.weight - PretrainedInit: load from /home/users/chuanguang.yang/.cache/torch/hub/checkpoints/resnet50-19c8e357.pth 
backbone.layer3.4.bn1.bias - PretrainedInit: load from /home/users/chuanguang.yang/.cache/torch/hub/checkpoints/resnet50-19c8e357.pth 
backbone.layer3.4.conv2.weight - PretrainedInit: load from /home/users/chuanguang.yang/.cache/torch/hub/checkpoints/resnet50-19c8e357.pth 
backbone.layer3.4.bn2.weight - PretrainedInit: load from /home/users/chuanguang.yang/.cache/torch/hub/checkpoints/resnet50-19c8e357.pth 
backbone.layer3.4.bn2.bias - PretrainedInit: load from /home/users/chuanguang.yang/.cache/torch/hub/checkpoints/resnet50-19c8e357.pth 
backbone.layer3.4.conv3.weight - PretrainedInit: load from /home/users/chuanguang.yang/.cache/torch/hub/checkpoints/resnet50-19c8e357.pth 
backbone.layer3.4.bn3.weight - PretrainedInit: load from /home/users/chuanguang.yang/.cache/torch/hub/checkpoints/resnet50-19c8e357.pth 
backbone.layer3.4.bn3.bias - PretrainedInit: load from /home/users/chuanguang.yang/.cache/torch/hub/checkpoints/resnet50-19c8e357.pth 
backbone.layer3.5.conv1.weight - PretrainedInit: load from /home/users/chuanguang.yang/.cache/torch/hub/checkpoints/resnet50-19c8e357.pth 
backbone.layer3.5.bn1.weight - PretrainedInit: load from /home/users/chuanguang.yang/.cache/torch/hub/checkpoints/resnet50-19c8e357.pth 
backbone.layer3.5.bn1.bias - PretrainedInit: load from /home/users/chuanguang.yang/.cache/torch/hub/checkpoints/resnet50-19c8e357.pth 
backbone.layer3.5.conv2.weight - PretrainedInit: load from /home/users/chuanguang.yang/.cache/torch/hub/checkpoints/resnet50-19c8e357.pth 
backbone.layer3.5.bn2.weight - PretrainedInit: load from /home/users/chuanguang.yang/.cache/torch/hub/checkpoints/resnet50-19c8e357.pth 
backbone.layer3.5.bn2.bias - PretrainedInit: load from /home/users/chuanguang.yang/.cache/torch/hub/checkpoints/resnet50-19c8e357.pth 
backbone.layer3.5.conv3.weight - PretrainedInit: load from /home/users/chuanguang.yang/.cache/torch/hub/checkpoints/resnet50-19c8e357.pth 
backbone.layer3.5.bn3.weight - PretrainedInit: load from /home/users/chuanguang.yang/.cache/torch/hub/checkpoints/resnet50-19c8e357.pth 
backbone.layer3.5.bn3.bias - PretrainedInit: load from /home/users/chuanguang.yang/.cache/torch/hub/checkpoints/resnet50-19c8e357.pth 
backbone.layer4.0.conv1.weight - PretrainedInit: load from /home/users/chuanguang.yang/.cache/torch/hub/checkpoints/resnet50-19c8e357.pth 
backbone.layer4.0.bn1.weight - PretrainedInit: load from /home/users/chuanguang.yang/.cache/torch/hub/checkpoints/resnet50-19c8e357.pth 
backbone.layer4.0.bn1.bias - PretrainedInit: load from /home/users/chuanguang.yang/.cache/torch/hub/checkpoints/resnet50-19c8e357.pth 
backbone.layer4.0.conv2.weight - PretrainedInit: load from /home/users/chuanguang.yang/.cache/torch/hub/checkpoints/resnet50-19c8e357.pth 
backbone.layer4.0.bn2.weight - PretrainedInit: load from /home/users/chuanguang.yang/.cache/torch/hub/checkpoints/resnet50-19c8e357.pth 
backbone.layer4.0.bn2.bias - PretrainedInit: load from /home/users/chuanguang.yang/.cache/torch/hub/checkpoints/resnet50-19c8e357.pth 
backbone.layer4.0.conv3.weight - PretrainedInit: load from /home/users/chuanguang.yang/.cache/torch/hub/checkpoints/resnet50-19c8e357.pth 
backbone.layer4.0.bn3.weight - PretrainedInit: load from /home/users/chuanguang.yang/.cache/torch/hub/checkpoints/resnet50-19c8e357.pth 
backbone.layer4.0.bn3.bias - PretrainedInit: load from /home/users/chuanguang.yang/.cache/torch/hub/checkpoints/resnet50-19c8e357.pth 
backbone.layer4.0.downsample.0.weight - PretrainedInit: load from /home/users/chuanguang.yang/.cache/torch/hub/checkpoints/resnet50-19c8e357.pth 
backbone.layer4.0.downsample.1.weight - PretrainedInit: load from /home/users/chuanguang.yang/.cache/torch/hub/checkpoints/resnet50-19c8e357.pth 
backbone.layer4.0.downsample.1.bias - PretrainedInit: load from /home/users/chuanguang.yang/.cache/torch/hub/checkpoints/resnet50-19c8e357.pth 
backbone.layer4.1.conv1.weight - PretrainedInit: load from /home/users/chuanguang.yang/.cache/torch/hub/checkpoints/resnet50-19c8e357.pth 
backbone.layer4.1.bn1.weight - PretrainedInit: load from /home/users/chuanguang.yang/.cache/torch/hub/checkpoints/resnet50-19c8e357.pth 
backbone.layer4.1.bn1.bias - PretrainedInit: load from /home/users/chuanguang.yang/.cache/torch/hub/checkpoints/resnet50-19c8e357.pth 
backbone.layer4.1.conv2.weight - PretrainedInit: load from /home/users/chuanguang.yang/.cache/torch/hub/checkpoints/resnet50-19c8e357.pth 
backbone.layer4.1.bn2.weight - PretrainedInit: load from /home/users/chuanguang.yang/.cache/torch/hub/checkpoints/resnet50-19c8e357.pth 
backbone.layer4.1.bn2.bias - PretrainedInit: load from /home/users/chuanguang.yang/.cache/torch/hub/checkpoints/resnet50-19c8e357.pth 
backbone.layer4.1.conv3.weight - PretrainedInit: load from /home/users/chuanguang.yang/.cache/torch/hub/checkpoints/resnet50-19c8e357.pth 
backbone.layer4.1.bn3.weight - PretrainedInit: load from /home/users/chuanguang.yang/.cache/torch/hub/checkpoints/resnet50-19c8e357.pth 
backbone.layer4.1.bn3.bias - PretrainedInit: load from /home/users/chuanguang.yang/.cache/torch/hub/checkpoints/resnet50-19c8e357.pth 
backbone.layer4.2.conv1.weight - PretrainedInit: load from /home/users/chuanguang.yang/.cache/torch/hub/checkpoints/resnet50-19c8e357.pth 
backbone.layer4.2.bn1.weight - PretrainedInit: load from /home/users/chuanguang.yang/.cache/torch/hub/checkpoints/resnet50-19c8e357.pth 
backbone.layer4.2.bn1.bias - PretrainedInit: load from /home/users/chuanguang.yang/.cache/torch/hub/checkpoints/resnet50-19c8e357.pth 
backbone.layer4.2.conv2.weight - PretrainedInit: load from /home/users/chuanguang.yang/.cache/torch/hub/checkpoints/resnet50-19c8e357.pth 
backbone.layer4.2.bn2.weight - PretrainedInit: load from /home/users/chuanguang.yang/.cache/torch/hub/checkpoints/resnet50-19c8e357.pth 
backbone.layer4.2.bn2.bias - PretrainedInit: load from /home/users/chuanguang.yang/.cache/torch/hub/checkpoints/resnet50-19c8e357.pth 
backbone.layer4.2.conv3.weight - PretrainedInit: load from /home/users/chuanguang.yang/.cache/torch/hub/checkpoints/resnet50-19c8e357.pth 
backbone.layer4.2.bn3.weight - PretrainedInit: load from /home/users/chuanguang.yang/.cache/torch/hub/checkpoints/resnet50-19c8e357.pth 
backbone.layer4.2.bn3.bias - PretrainedInit: load from /home/users/chuanguang.yang/.cache/torch/hub/checkpoints/resnet50-19c8e357.pth 
neck.lateral_convs.0.conv.weight - XavierInit: gain=1, distribution=uniform, bias=0 
neck.lateral_convs.0.conv.bias - The value is the same before and after calling `init_weights` of FasterRCNN  
neck.lateral_convs.1.conv.weight - XavierInit: gain=1, distribution=uniform, bias=0 
neck.lateral_convs.1.conv.bias - The value is the same before and after calling `init_weights` of FasterRCNN  
neck.lateral_convs.2.conv.weight - XavierInit: gain=1, distribution=uniform, bias=0 
neck.lateral_convs.2.conv.bias - The value is the same before and after calling `init_weights` of FasterRCNN  
neck.lateral_convs.3.conv.weight - XavierInit: gain=1, distribution=uniform, bias=0 
neck.lateral_convs.3.conv.bias - The value is the same before and after calling `init_weights` of FasterRCNN  
neck.fpn_convs.0.conv.weight - XavierInit: gain=1, distribution=uniform, bias=0 
neck.fpn_convs.0.conv.bias - The value is the same before and after calling `init_weights` of FasterRCNN  
neck.fpn_convs.1.conv.weight - XavierInit: gain=1, distribution=uniform, bias=0 
neck.fpn_convs.1.conv.bias - The value is the same before and after calling `init_weights` of FasterRCNN  
neck.fpn_convs.2.conv.weight - XavierInit: gain=1, distribution=uniform, bias=0 
neck.fpn_convs.2.conv.bias - The value is the same before and after calling `init_weights` of FasterRCNN  
neck.fpn_convs.3.conv.weight - XavierInit: gain=1, distribution=uniform, bias=0 
neck.fpn_convs.3.conv.bias - The value is the same before and after calling `init_weights` of FasterRCNN  
rpn_head.rpn_conv.weight - NormalInit: mean=0, std=0.01, bias=0 
rpn_head.rpn_conv.bias - NormalInit: mean=0, std=0.01, bias=0 
rpn_head.rpn_cls.weight - NormalInit: mean=0, std=0.01, bias=0 
rpn_head.rpn_cls.bias - NormalInit: mean=0, std=0.01, bias=0 
rpn_head.rpn_reg.weight - NormalInit: mean=0, std=0.01, bias=0 
rpn_head.rpn_reg.bias - NormalInit: mean=0, std=0.01, bias=0 
roi_head.bbox_head.fc_cls.weight - XavierInit: gain=1, distribution=normal, bias=0 
roi_head.bbox_head.fc_cls.bias - NormalInit: mean=0, std=0.01, bias=0 
roi_head.bbox_head.fc_reg.weight - XavierInit: gain=1, distribution=normal, bias=0 
roi_head.bbox_head.fc_reg.bias - NormalInit: mean=0, std=0.001, bias=0 
roi_head.bbox_head.shared_fcs.0.weight - XavierInit: gain=1, distribution=normal, bias=0 
roi_head.bbox_head.shared_fcs.0.bias - XavierInit: gain=1, distribution=normal, bias=0 
roi_head.bbox_head.shared_fcs.1.weight - XavierInit: gain=1, distribution=normal, bias=0 
roi_head.bbox_head.shared_fcs.1.bias - XavierInit: gain=1, distribution=normal, bias=0 
2021-08-12 19:07:05,344 - mmdet - INFO - Start running, host: chuanguang.yang@gpu-dev029.hogpu.cc, work_dir: /home/users/chuanguang.yang/winycg/detection/mmdetection/work_dirs/faster_rcnn_r50_fpn_1x_coco
2021-08-12 19:07:05,344 - mmdet - INFO - Hooks will be executed in the following order:
before_run:
(VERY_HIGH   ) StepLrUpdaterHook                  
(NORMAL      ) CheckpointHook                     
(NORMAL      ) EvalHook                           
(VERY_LOW    ) TextLoggerHook                     
 -------------------- 
before_train_epoch:
(VERY_HIGH   ) StepLrUpdaterHook                  
(NORMAL      ) EvalHook                           
(NORMAL      ) NumClassCheckHook                  
(LOW         ) IterTimerHook                      
(VERY_LOW    ) TextLoggerHook                     
 -------------------- 
before_train_iter:
(VERY_HIGH   ) StepLrUpdaterHook                  
(NORMAL      ) EvalHook                           
(LOW         ) IterTimerHook                      
 -------------------- 
after_train_iter:
(ABOVE_NORMAL) OptimizerHook                      
(NORMAL      ) CheckpointHook                     
(NORMAL      ) EvalHook                           
(LOW         ) IterTimerHook                      
(VERY_LOW    ) TextLoggerHook                     
 -------------------- 
after_train_epoch:
(NORMAL      ) CheckpointHook                     
(NORMAL      ) EvalHook                           
(VERY_LOW    ) TextLoggerHook                     
 -------------------- 
before_val_epoch:
(NORMAL      ) NumClassCheckHook                  
(LOW         ) IterTimerHook                      
(VERY_LOW    ) TextLoggerHook                     
 -------------------- 
before_val_iter:
(LOW         ) IterTimerHook                      
 -------------------- 
after_val_iter:
(LOW         ) IterTimerHook                      
 -------------------- 
after_val_epoch:
(VERY_LOW    ) TextLoggerHook                     
 -------------------- 
2021-08-12 19:07:05,344 - mmdet - INFO - workflow: [('train', 1)], max: 12 epochs
2021-08-12 19:07:24,634 - mmdet - INFO - Epoch [1][50/58633]	lr: 1.978e-03, eta: 3 days, 3:03:21, time: 0.384, data_time: 0.059, memory: 3790, loss_rpn_cls: 0.5594, loss_rpn_bbox: 0.1017, loss_cls: 0.7437, acc: 89.6641, loss_bbox: 0.1228, loss: 1.5276
